<?xml version="1.0" encoding="UTF-8"?>
<!-- Generated by org.testng.reporters.JUnitReportReporter -->
<testsuite hostname="DESKTOP-S7G6L4U" failures="0" tests="2" name="automation.jenkins.MobileTest" time="0.003" errors="0" timestamp="2023-07-26T12:38:02 IST" skipped="0">
  <testcase classname="automation.jenkins.MobileTest" name="login" time="0.002"/>
  <testcase classname="automation.jenkins.MobileTest" name="logout" time="0.001"/>
</testsuite> <!-- automation.jenkins.MobileTest -->
